This file contains any messages produced by compilers while
running configure, to aid debugging if configure makes a mistake.

It was created by rdesktop configure 1.8.4, which was
generated by GNU Autoconf 2.69.  Invocation command line was

  $ ./configure --disable-smartcard --disable-credssp

## --------- ##
## Platform. ##
## --------- ##

hostname = son
uname -m = x86_64
uname -r = 5.15.0-56-generic
uname -s = Linux
uname -v = #62~20.04.1-Ubuntu SMP Tue Nov 22 21:24:20 UTC 2022

/usr/bin/uname -p = x86_64
/bin/uname -X     = unknown

/bin/arch              = x86_64
/usr/bin/arch -k       = unknown
/usr/convex/getsysinfo = unknown
/usr/bin/hostinfo      = unknown
/bin/machine           = unknown
/usr/bin/oslevel       = unknown
/bin/universe          = unknown

PATH: /home/son/VBX/VirtualBox-6.1.36/tools/linux.amd64/bin
PATH: /home/son/VBX/VirtualBox-6.1.36/kBuild/bin/linux.amd64
PATH: /home/son/.local/bin
PATH: /usr/local/sbin
PATH: /usr/local/bin
PATH: /usr/sbin
PATH: /usr/bin
PATH: /sbin
PATH: /bin
PATH: /usr/games
PATH: /usr/local/games
PATH: /snap/bin


## ----------- ##
## Core tests. ##
## ----------- ##

configure:2426: checking build system type
configure:2440: result: x86_64-unknown-linux-gnu
configure:2460: checking host system type
configure:2473: result: x86_64-unknown-linux-gnu
configure:2542: checking for gcc
configure:2558: found /usr/bin/gcc
configure:2569: result: gcc
configure:2798: checking for C compiler version
configure:2807: gcc --version >&5
gcc (Ubuntu 9.4.0-1ubuntu1~20.04.1) 9.4.0
Copyright (C) 2019 Free Software Foundation, Inc.
This is free software; see the source for copying conditions.  There is NO
warranty; not even for MERCHANTABILITY or FITNESS FOR A PARTICULAR PURPOSE.

configure:2818: $? = 0
configure:2807: gcc -v >&5
Using built-in specs.
COLLECT_GCC=gcc
COLLECT_LTO_WRAPPER=/usr/lib/gcc/x86_64-linux-gnu/9/lto-wrapper
OFFLOAD_TARGET_NAMES=nvptx-none:hsa
OFFLOAD_TARGET_DEFAULT=1
Target: x86_64-linux-gnu
Configured with: ../src/configure -v --with-pkgversion='Ubuntu 9.4.0-1ubuntu1~20.04.1' --with-bugurl=file:///usr/share/doc/gcc-9/README.Bugs --enable-languages=c,ada,c++,go,brig,d,fortran,objc,obj-c++,gm2 --prefix=/usr --with-gcc-major-version-only --program-suffix=-9 --program-prefix=x86_64-linux-gnu- --enable-shared --enable-linker-build-id --libexecdir=/usr/lib --without-included-gettext --enable-threads=posix --libdir=/usr/lib --enable-nls --enable-clocale=gnu --enable-libstdcxx-debug --enable-libstdcxx-time=yes --with-default-libstdcxx-abi=new --enable-gnu-unique-object --disable-vtable-verify --enable-plugin --enable-default-pie --with-system-zlib --with-target-system-zlib=auto --enable-objc-gc=auto --enable-multiarch --disable-werror --with-arch-32=i686 --with-abi=m64 --with-multilib-list=m32,m64,mx32 --enable-multilib --with-tune=generic --enable-offload-targets=nvptx-none=/build/gcc-9-Av3uEd/gcc-9-9.4.0/debian/tmp-nvptx/usr,hsa --without-cuda-driver --enable-checking=release --build=x86_64-linux-gnu --host=x86_64-linux-gnu --target=x86_64-linux-gnu
Thread model: posix
gcc version 9.4.0 (Ubuntu 9.4.0-1ubuntu1~20.04.1) 
configure:2818: $? = 0
configure:2807: gcc -V >&5
gcc: error: unrecognized command line option '-V'
gcc: fatal error: no input files
compilation terminated.
configure:2818: $? = 1
configure:2807: gcc -qversion >&5
gcc: error: unrecognized command line option '-qversion'; did you mean '--version'?
gcc: fatal error: no input files
compilation terminated.
configure:2818: $? = 1
configure:2838: checking whether the C compiler works
configure:2860: gcc    conftest.c  >&5
configure:2864: $? = 0
configure:2912: result: yes
configure:2915: checking for C compiler default output file name
configure:2917: result: a.out
configure:2923: checking for suffix of executables
configure:2930: gcc -o conftest    conftest.c  >&5
configure:2934: $? = 0
configure:2956: result: 
configure:2978: checking whether we are cross compiling
configure:2986: gcc -o conftest    conftest.c  >&5
configure:2990: $? = 0
configure:2997: ./conftest
configure:3001: $? = 0
configure:2989: result: no
configure:2994: checking for suffix of object files
configure:3016: gcc -c   conftest.c >&5
configure:3020: $? = 0
configure:3041: result: o
configure:3045: checking whether we are using the GNU C compiler
configure:3064: gcc -c   conftest.c >&5
configure:3064: $? = 0
configure:3073: result: yes
configure:3082: checking whether gcc accepts -g
configure:3102: gcc -c -g  conftest.c >&5
configure:3102: $? = 0
configure:3143: result: yes
configure:3160: checking for gcc option to accept ISO C89
configure:3223: gcc  -c -g -O2  conftest.c >&5
configure:3223: $? = 0
configure:3236: result: none needed
configure:3274: checking for a BSD-compatible install
configure:3342: result: /usr/bin/install -c
configure:3365: checking how to run the C preprocessor
configure:3396: gcc -E  conftest.c
configure:3396: $? = 0
configure:3410: gcc -E  conftest.c
conftest.c:9:10: fatal error: ac_nonexistent.h: No such file or directory
    9 | #include <ac_nonexistent.h>
      |          ^~~~~~~~~~~~~~~~~~
compilation terminated.
configure:3410: $? = 1
configure: failed program was:
| /* confdefs.h */
| #define PACKAGE_NAME "rdesktop"
| #define PACKAGE_TARNAME "rdesktop"
| #define PACKAGE_VERSION "1.8.4"
| #define PACKAGE_STRING "rdesktop 1.8.4"
| #define PACKAGE_BUGREPORT ""
| #define PACKAGE_URL ""
| /* end confdefs.h.  */
| #include <ac_nonexistent.h>
configure:3435: result: gcc -E
configure:3455: gcc -E  conftest.c
configure:3455: $? = 0
configure:3469: gcc -E  conftest.c
conftest.c:9:10: fatal error: ac_nonexistent.h: No such file or directory
    9 | #include <ac_nonexistent.h>
      |          ^~~~~~~~~~~~~~~~~~
compilation terminated.
configure:3469: $? = 1
configure: failed program was:
| /* confdefs.h */
| #define PACKAGE_NAME "rdesktop"
| #define PACKAGE_TARNAME "rdesktop"
| #define PACKAGE_VERSION "1.8.4"
| #define PACKAGE_STRING "rdesktop 1.8.4"
| #define PACKAGE_BUGREPORT ""
| #define PACKAGE_URL ""
| /* end confdefs.h.  */
| #include <ac_nonexistent.h>
configure:3498: checking for grep that handles long lines and -e
configure:3556: result: /usr/bin/grep
configure:3561: checking for egrep
configure:3623: result: /usr/bin/grep -E
configure:3628: checking for ANSI C header files
configure:3648: gcc -c -g -O2 -Wall  conftest.c >&5
configure:3648: $? = 0
configure:3721: gcc -o conftest -g -O2 -Wall   conftest.c  >&5
configure:3721: $? = 0
configure:3721: ./conftest
configure:3721: $? = 0
configure:3732: result: yes
configure:3745: checking for sys/types.h
configure:3745: gcc -c -g -O2 -Wall  conftest.c >&5
configure:3745: $? = 0
configure:3745: result: yes
configure:3745: checking for sys/stat.h
configure:3745: gcc -c -g -O2 -Wall  conftest.c >&5
configure:3745: $? = 0
configure:3745: result: yes
configure:3745: checking for stdlib.h
configure:3745: gcc -c -g -O2 -Wall  conftest.c >&5
configure:3745: $? = 0
configure:3745: result: yes
configure:3745: checking for string.h
configure:3745: gcc -c -g -O2 -Wall  conftest.c >&5
configure:3745: $? = 0
configure:3745: result: yes
configure:3745: checking for memory.h
configure:3745: gcc -c -g -O2 -Wall  conftest.c >&5
configure:3745: $? = 0
configure:3745: result: yes
configure:3745: checking for strings.h
configure:3745: gcc -c -g -O2 -Wall  conftest.c >&5
configure:3745: $? = 0
configure:3745: result: yes
configure:3745: checking for inttypes.h
configure:3745: gcc -c -g -O2 -Wall  conftest.c >&5
configure:3745: $? = 0
configure:3745: result: yes
configure:3745: checking for stdint.h
configure:3745: gcc -c -g -O2 -Wall  conftest.c >&5
configure:3745: $? = 0
configure:3745: result: yes
configure:3745: checking for unistd.h
configure:3745: gcc -c -g -O2 -Wall  conftest.c >&5
configure:3745: $? = 0
configure:3745: result: yes
configure:3757: checking whether byte ordering is bigendian
configure:3772: gcc -c -g -O2 -Wall  conftest.c >&5
conftest.c:20:9: error: unknown type name 'not'
   20 |         not a universal capable compiler
      |         ^~~
conftest.c:20:15: error: expected '=', ',', ';', 'asm' or '__attribute__' before 'universal'
   20 |         not a universal capable compiler
      |               ^~~~~~~~~
conftest.c:20:15: error: unknown type name 'universal'
configure:3772: $? = 1
configure: failed program was:
| /* confdefs.h */
| #define PACKAGE_NAME "rdesktop"
| #define PACKAGE_TARNAME "rdesktop"
| #define PACKAGE_VERSION "1.8.4"
| #define PACKAGE_STRING "rdesktop 1.8.4"
| #define PACKAGE_BUGREPORT ""
| #define PACKAGE_URL ""
| #define STDC_HEADERS 1
| #define HAVE_SYS_TYPES_H 1
| #define HAVE_SYS_STAT_H 1
| #define HAVE_STDLIB_H 1
| #define HAVE_STRING_H 1
| #define HAVE_MEMORY_H 1
| #define HAVE_STRINGS_H 1
| #define HAVE_INTTYPES_H 1
| #define HAVE_STDINT_H 1
| #define HAVE_UNISTD_H 1
| /* end confdefs.h.  */
| #ifndef __APPLE_CC__
| 	       not a universal capable compiler
| 	     #endif
| 	     typedef int dummy;
| 
configure:3817: gcc -c -g -O2 -Wall  conftest.c >&5
configure:3817: $? = 0
configure:3835: gcc -c -g -O2 -Wall  conftest.c >&5
conftest.c: In function 'main':
conftest.c:26:4: error: unknown type name 'not'; did you mean 'ino_t'?
   26 |    not big endian
      |    ^~~
      |    ino_t
conftest.c:26:12: error: expected '=', ',', ';', 'asm' or '__attribute__' before 'endian'
   26 |    not big endian
      |            ^~~~~~
configure:3835: $? = 1
configure: failed program was:
| /* confdefs.h */
| #define PACKAGE_NAME "rdesktop"
| #define PACKAGE_TARNAME "rdesktop"
| #define PACKAGE_VERSION "1.8.4"
| #define PACKAGE_STRING "rdesktop 1.8.4"
| #define PACKAGE_BUGREPORT ""
| #define PACKAGE_URL ""
| #define STDC_HEADERS 1
| #define HAVE_SYS_TYPES_H 1
| #define HAVE_SYS_STAT_H 1
| #define HAVE_STDLIB_H 1
| #define HAVE_STRING_H 1
| #define HAVE_MEMORY_H 1
| #define HAVE_STRINGS_H 1
| #define HAVE_INTTYPES_H 1
| #define HAVE_STDINT_H 1
| #define HAVE_UNISTD_H 1
| /* end confdefs.h.  */
| #include <sys/types.h>
| 		#include <sys/param.h>
| 
| int
| main ()
| {
| #if BYTE_ORDER != BIG_ENDIAN
| 		 not big endian
| 		#endif
| 
|   ;
|   return 0;
| }
configure:3963: result: no
configure:3982: checking for X
configure:4090: gcc -E  conftest.c
configure:4090: $? = 0
configure:4121: gcc -o conftest -g -O2 -Wall   conftest.c -lX11  >&5
configure:4121: $? = 0
configure:4171: result: libraries , headers 
configure:4270: gcc -o conftest -g -O2 -Wall   conftest.c   -lX11 >&5
configure:4270: $? = 0
configure:4368: checking for gethostbyname
configure:4368: gcc -o conftest -g -O2 -Wall   conftest.c  >&5
configure:4368: $? = 0
configure:4368: result: yes
configure:4465: checking for connect
configure:4465: gcc -o conftest -g -O2 -Wall   conftest.c  >&5
configure:4465: $? = 0
configure:4465: result: yes
configure:4514: checking for remove
configure:4514: gcc -o conftest -g -O2 -Wall   conftest.c  >&5
configure:4514: $? = 0
configure:4514: result: yes
configure:4563: checking for shmat
configure:4563: gcc -o conftest -g -O2 -Wall   conftest.c  >&5
configure:4563: $? = 0
configure:4563: result: yes
configure:4621: checking for IceConnectionNumber in -lICE
configure:4646: gcc -o conftest -g -O2 -Wall   conftest.c -lICE   >&5
configure:4646: $? = 0
configure:4655: result: yes
configure:4724: checking for pkg-config
configure:4742: found /usr/bin/pkg-config
configure:4754: result: /usr/bin/pkg-config
configure:4777: checking for library containing socket
configure:4808: gcc -o conftest -g -O2 -Wall   conftest.c  >&5
configure:4808: $? = 0
configure:4825: result: none required
configure:4833: checking for library containing inet_aton
configure:4864: gcc -o conftest -g -O2 -Wall   conftest.c  >&5
configure:4864: $? = 0
configure:4881: result: none required
configure:4890: checking sys/select.h usability
configure:4890: gcc -c -g -O2 -Wall  conftest.c >&5
configure:4890: $? = 0
configure:4890: result: yes
configure:4890: checking sys/select.h presence
configure:4890: gcc -E  conftest.c
configure:4890: $? = 0
configure:4890: result: yes
configure:4890: checking for sys/select.h
configure:4890: result: yes
configure:4897: checking sys/modem.h usability
configure:4897: gcc -c -g -O2 -Wall  conftest.c >&5
conftest.c:54:10: fatal error: sys/modem.h: No such file or directory
   54 | #include <sys/modem.h>
      |          ^~~~~~~~~~~~~
compilation terminated.
configure:4897: $? = 1
configure: failed program was:
| /* confdefs.h */
| #define PACKAGE_NAME "rdesktop"
| #define PACKAGE_TARNAME "rdesktop"
| #define PACKAGE_VERSION "1.8.4"
| #define PACKAGE_STRING "rdesktop 1.8.4"
| #define PACKAGE_BUGREPORT ""
| #define PACKAGE_URL ""
| #define STDC_HEADERS 1
| #define HAVE_SYS_TYPES_H 1
| #define HAVE_SYS_STAT_H 1
| #define HAVE_STDLIB_H 1
| #define HAVE_STRING_H 1
| #define HAVE_MEMORY_H 1
| #define HAVE_STRINGS_H 1
| #define HAVE_INTTYPES_H 1
| #define HAVE_STDINT_H 1
| #define HAVE_UNISTD_H 1
| #define L_ENDIAN 1
| #define HAVE_SYS_SELECT_H 1
| /* end confdefs.h.  */
| #include <stdio.h>
| #ifdef HAVE_SYS_TYPES_H
| # include <sys/types.h>
| #endif
| #ifdef HAVE_SYS_STAT_H
| # include <sys/stat.h>
| #endif
| #ifdef STDC_HEADERS
| # include <stdlib.h>
| # include <stddef.h>
| #else
| # ifdef HAVE_STDLIB_H
| #  include <stdlib.h>
| # endif
| #endif
| #ifdef HAVE_STRING_H
| # if !defined STDC_HEADERS && defined HAVE_MEMORY_H
| #  include <memory.h>
| # endif
| # include <string.h>
| #endif
| #ifdef HAVE_STRINGS_H
| # include <strings.h>
| #endif
| #ifdef HAVE_INTTYPES_H
| # include <inttypes.h>
| #endif
| #ifdef HAVE_STDINT_H
| # include <stdint.h>
| #endif
| #ifdef HAVE_UNISTD_H
| # include <unistd.h>
| #endif
| #include <sys/modem.h>
configure:4897: result: no
configure:4897: checking sys/modem.h presence
configure:4897: gcc -E  conftest.c
conftest.c:21:10: fatal error: sys/modem.h: No such file or directory
   21 | #include <sys/modem.h>
      |          ^~~~~~~~~~~~~
compilation terminated.
configure:4897: $? = 1
configure: failed program was:
| /* confdefs.h */
| #define PACKAGE_NAME "rdesktop"
| #define PACKAGE_TARNAME "rdesktop"
| #define PACKAGE_VERSION "1.8.4"
| #define PACKAGE_STRING "rdesktop 1.8.4"
| #define PACKAGE_BUGREPORT ""
| #define PACKAGE_URL ""
| #define STDC_HEADERS 1
| #define HAVE_SYS_TYPES_H 1
| #define HAVE_SYS_STAT_H 1
| #define HAVE_STDLIB_H 1
| #define HAVE_STRING_H 1
| #define HAVE_MEMORY_H 1
| #define HAVE_STRINGS_H 1
| #define HAVE_INTTYPES_H 1
| #define HAVE_STDINT_H 1
| #define HAVE_UNISTD_H 1
| #define L_ENDIAN 1
| #define HAVE_SYS_SELECT_H 1
| /* end confdefs.h.  */
| #include <sys/modem.h>
configure:4897: result: no
configure:4897: checking for sys/modem.h
configure:4897: result: no
configure:4904: checking sys/filio.h usability
configure:4904: gcc -c -g -O2 -Wall  conftest.c >&5
conftest.c:54:10: fatal error: sys/filio.h: No such file or directory
   54 | #include <sys/filio.h>
      |          ^~~~~~~~~~~~~
compilation terminated.
configure:4904: $? = 1
configure: failed program was:
| /* confdefs.h */
| #define PACKAGE_NAME "rdesktop"
| #define PACKAGE_TARNAME "rdesktop"
| #define PACKAGE_VERSION "1.8.4"
| #define PACKAGE_STRING "rdesktop 1.8.4"
| #define PACKAGE_BUGREPORT ""
| #define PACKAGE_URL ""
| #define STDC_HEADERS 1
| #define HAVE_SYS_TYPES_H 1
| #define HAVE_SYS_STAT_H 1
| #define HAVE_STDLIB_H 1
| #define HAVE_STRING_H 1
| #define HAVE_MEMORY_H 1
| #define HAVE_STRINGS_H 1
| #define HAVE_INTTYPES_H 1
| #define HAVE_STDINT_H 1
| #define HAVE_UNISTD_H 1
| #define L_ENDIAN 1
| #define HAVE_SYS_SELECT_H 1
| /* end confdefs.h.  */
| #include <stdio.h>
| #ifdef HAVE_SYS_TYPES_H
| # include <sys/types.h>
| #endif
| #ifdef HAVE_SYS_STAT_H
| # include <sys/stat.h>
| #endif
| #ifdef STDC_HEADERS
| # include <stdlib.h>
| # include <stddef.h>
| #else
| # ifdef HAVE_STDLIB_H
| #  include <stdlib.h>
| # endif
| #endif
| #ifdef HAVE_STRING_H
| # if !defined STDC_HEADERS && defined HAVE_MEMORY_H
| #  include <memory.h>
| # endif
| # include <string.h>
| #endif
| #ifdef HAVE_STRINGS_H
| # include <strings.h>
| #endif
| #ifdef HAVE_INTTYPES_H
| # include <inttypes.h>
| #endif
| #ifdef HAVE_STDINT_H
| # include <stdint.h>
| #endif
| #ifdef HAVE_UNISTD_H
| # include <unistd.h>
| #endif
| #include <sys/filio.h>
configure:4904: result: no
configure:4904: checking sys/filio.h presence
configure:4904: gcc -E  conftest.c
conftest.c:21:10: fatal error: sys/filio.h: No such file or directory
   21 | #include <sys/filio.h>
      |          ^~~~~~~~~~~~~
compilation terminated.
configure:4904: $? = 1
configure: failed program was:
| /* confdefs.h */
| #define PACKAGE_NAME "rdesktop"
| #define PACKAGE_TARNAME "rdesktop"
| #define PACKAGE_VERSION "1.8.4"
| #define PACKAGE_STRING "rdesktop 1.8.4"
| #define PACKAGE_BUGREPORT ""
| #define PACKAGE_URL ""
| #define STDC_HEADERS 1
| #define HAVE_SYS_TYPES_H 1
| #define HAVE_SYS_STAT_H 1
| #define HAVE_STDLIB_H 1
| #define HAVE_STRING_H 1
| #define HAVE_MEMORY_H 1
| #define HAVE_STRINGS_H 1
| #define HAVE_INTTYPES_H 1
| #define HAVE_STDINT_H 1
| #define HAVE_UNISTD_H 1
| #define L_ENDIAN 1
| #define HAVE_SYS_SELECT_H 1
| /* end confdefs.h.  */
| #include <sys/filio.h>
configure:4904: result: no
configure:4904: checking for sys/filio.h
configure:4904: result: no
configure:4911: checking sys/strtio.h usability
configure:4911: gcc -c -g -O2 -Wall  conftest.c >&5
conftest.c:54:10: fatal error: sys/strtio.h: No such file or directory
   54 | #include <sys/strtio.h>
      |          ^~~~~~~~~~~~~~
compilation terminated.
configure:4911: $? = 1
configure: failed program was:
| /* confdefs.h */
| #define PACKAGE_NAME "rdesktop"
| #define PACKAGE_TARNAME "rdesktop"
| #define PACKAGE_VERSION "1.8.4"
| #define PACKAGE_STRING "rdesktop 1.8.4"
| #define PACKAGE_BUGREPORT ""
| #define PACKAGE_URL ""
| #define STDC_HEADERS 1
| #define HAVE_SYS_TYPES_H 1
| #define HAVE_SYS_STAT_H 1
| #define HAVE_STDLIB_H 1
| #define HAVE_STRING_H 1
| #define HAVE_MEMORY_H 1
| #define HAVE_STRINGS_H 1
| #define HAVE_INTTYPES_H 1
| #define HAVE_STDINT_H 1
| #define HAVE_UNISTD_H 1
| #define L_ENDIAN 1
| #define HAVE_SYS_SELECT_H 1
| /* end confdefs.h.  */
| #include <stdio.h>
| #ifdef HAVE_SYS_TYPES_H
| # include <sys/types.h>
| #endif
| #ifdef HAVE_SYS_STAT_H
| # include <sys/stat.h>
| #endif
| #ifdef STDC_HEADERS
| # include <stdlib.h>
| # include <stddef.h>
| #else
| # ifdef HAVE_STDLIB_H
| #  include <stdlib.h>
| # endif
| #endif
| #ifdef HAVE_STRING_H
| # if !defined STDC_HEADERS && defined HAVE_MEMORY_H
| #  include <memory.h>
| # endif
| # include <string.h>
| #endif
| #ifdef HAVE_STRINGS_H
| # include <strings.h>
| #endif
| #ifdef HAVE_INTTYPES_H
| # include <inttypes.h>
| #endif
| #ifdef HAVE_STDINT_H
| # include <stdint.h>
| #endif
| #ifdef HAVE_UNISTD_H
| # include <unistd.h>
| #endif
| #include <sys/strtio.h>
configure:4911: result: no
configure:4911: checking sys/strtio.h presence
configure:4911: gcc -E  conftest.c
conftest.c:21:10: fatal error: sys/strtio.h: No such file or directory
   21 | #include <sys/strtio.h>
      |          ^~~~~~~~~~~~~~
compilation terminated.
configure:4911: $? = 1
configure: failed program was:
| /* confdefs.h */
| #define PACKAGE_NAME "rdesktop"
| #define PACKAGE_TARNAME "rdesktop"
| #define PACKAGE_VERSION "1.8.4"
| #define PACKAGE_STRING "rdesktop 1.8.4"
| #define PACKAGE_BUGREPORT ""
| #define PACKAGE_URL ""
| #define STDC_HEADERS 1
| #define HAVE_SYS_TYPES_H 1
| #define HAVE_SYS_STAT_H 1
| #define HAVE_STDLIB_H 1
| #define HAVE_STRING_H 1
| #define HAVE_MEMORY_H 1
| #define HAVE_STRINGS_H 1
| #define HAVE_INTTYPES_H 1
| #define HAVE_STDINT_H 1
| #define HAVE_UNISTD_H 1
| #define L_ENDIAN 1
| #define HAVE_SYS_SELECT_H 1
| /* end confdefs.h.  */
| #include <sys/strtio.h>
configure:4911: result: no
configure:4911: checking for sys/strtio.h
configure:4911: result: no
configure:4918: checking locale.h usability
configure:4918: gcc -c -g -O2 -Wall  conftest.c >&5
configure:4918: $? = 0
configure:4918: result: yes
configure:4918: checking locale.h presence
configure:4918: gcc -E  conftest.c
configure:4918: $? = 0
configure:4918: result: yes
configure:4918: checking for locale.h
configure:4918: result: yes
configure:4925: checking langinfo.h usability
configure:4925: gcc -c -g -O2 -Wall  conftest.c >&5
configure:4925: $? = 0
configure:4925: result: yes
configure:4925: checking langinfo.h presence
configure:4925: gcc -E  conftest.c
configure:4925: $? = 0
configure:4925: result: yes
configure:4925: checking for langinfo.h
configure:4925: result: yes
configure:4932: checking sysexits.h usability
configure:4932: gcc -c -g -O2 -Wall  conftest.c >&5
configure:4932: $? = 0
configure:4932: result: yes
configure:4932: checking sysexits.h presence
configure:4932: gcc -E  conftest.c
configure:4932: $? = 0
configure:4932: result: yes
configure:4932: checking for sysexits.h
configure:4932: result: yes
configure:4983: checking for strip
configure:4999: found /usr/bin/strip
configure:5010: result: strip
configure:5045: checking for OpenSSL directory
configure:5078: result: /usr
configure:5235: checking for pkg-config
configure:5265: result: /usr/bin/pkg-config
configure:5290: checking pkg-config is at least version 0.9.0
configure:5293: result: yes
configure:5408: checking for XRANDR
configure:5415: $PKG_CONFIG --exists --print-errors "xrandr"
configure:5418: $? = 0
configure:5432: $PKG_CONFIG --exists --print-errors "xrandr"
configure:5435: $? = 0
configure:5473: result: yes
configure:5635: checking if architecture needs alignment
configure:5660: gcc -o conftest -g -O2 -Wall -I/usr/include    conftest.c -L/usr/lib -L/usr/lib64 -lssl -lcrypto  -lXrandr >&5
configure:5660: $? = 0
configure:5660: ./conftest
configure:5660: $? = 0
configure:5661: result: no
configure:5735: checking sys/soundcard.h usability
configure:5735: gcc -c -g -O2 -Wall -I/usr/include   conftest.c >&5
configure:5735: $? = 0
configure:5735: result: yes
configure:5735: checking sys/soundcard.h presence
configure:5735: gcc -E  conftest.c
configure:5735: $? = 0
configure:5735: result: yes
configure:5735: checking for sys/soundcard.h
configure:5735: result: yes
configure:5743: checking dmedia/audio.h usability
configure:5743: gcc -c -g -O2 -Wall -I/usr/include   conftest.c >&5
conftest.c:60:10: fatal error: dmedia/audio.h: No such file or directory
   60 | #include <dmedia/audio.h>
      |          ^~~~~~~~~~~~~~~~
compilation terminated.
configure:5743: $? = 1
configure: failed program was:
| /* confdefs.h */
| #define PACKAGE_NAME "rdesktop"
| #define PACKAGE_TARNAME "rdesktop"
| #define PACKAGE_VERSION "1.8.4"
| #define PACKAGE_STRING "rdesktop 1.8.4"
| #define PACKAGE_BUGREPORT ""
| #define PACKAGE_URL ""
| #define STDC_HEADERS 1
| #define HAVE_SYS_TYPES_H 1
| #define HAVE_SYS_STAT_H 1
| #define HAVE_STDLIB_H 1
| #define HAVE_STRING_H 1
| #define HAVE_MEMORY_H 1
| #define HAVE_STRINGS_H 1
| #define HAVE_INTTYPES_H 1
| #define HAVE_STDINT_H 1
| #define HAVE_UNISTD_H 1
| #define L_ENDIAN 1
| #define HAVE_SYS_SELECT_H 1
| #define HAVE_LOCALE_H 1
| #define HAVE_LANGINFO_H 1
| #define HAVE_SYSEXITS_H 1
| #define ssldir "/usr"
| #define HAVE_XRANDR 1
| #define EGD_SOCKET "/var/run/egd-pool"
| /* end confdefs.h.  */
| #include <stdio.h>
| #ifdef HAVE_SYS_TYPES_H
| # include <sys/types.h>
| #endif
| #ifdef HAVE_SYS_STAT_H
| # include <sys/stat.h>
| #endif
| #ifdef STDC_HEADERS
| # include <stdlib.h>
| # include <stddef.h>
| #else
| # ifdef HAVE_STDLIB_H
| #  include <stdlib.h>
| # endif
| #endif
| #ifdef HAVE_STRING_H
| # if !defined STDC_HEADERS && defined HAVE_MEMORY_H
| #  include <memory.h>
| # endif
| # include <string.h>
| #endif
| #ifdef HAVE_STRINGS_H
| # include <strings.h>
| #endif
| #ifdef HAVE_INTTYPES_H
| # include <inttypes.h>
| #endif
| #ifdef HAVE_STDINT_H
| # include <stdint.h>
| #endif
| #ifdef HAVE_UNISTD_H
| # include <unistd.h>
| #endif
| #include <dmedia/audio.h>
configure:5743: result: no
configure:5743: checking dmedia/audio.h presence
configure:5743: gcc -E  conftest.c
conftest.c:27:10: fatal error: dmedia/audio.h: No such file or directory
   27 | #include <dmedia/audio.h>
      |          ^~~~~~~~~~~~~~~~
compilation terminated.
configure:5743: $? = 1
configure: failed program was:
| /* confdefs.h */
| #define PACKAGE_NAME "rdesktop"
| #define PACKAGE_TARNAME "rdesktop"
| #define PACKAGE_VERSION "1.8.4"
| #define PACKAGE_STRING "rdesktop 1.8.4"
| #define PACKAGE_BUGREPORT ""
| #define PACKAGE_URL ""
| #define STDC_HEADERS 1
| #define HAVE_SYS_TYPES_H 1
| #define HAVE_SYS_STAT_H 1
| #define HAVE_STDLIB_H 1
| #define HAVE_STRING_H 1
| #define HAVE_MEMORY_H 1
| #define HAVE_STRINGS_H 1
| #define HAVE_INTTYPES_H 1
| #define HAVE_STDINT_H 1
| #define HAVE_UNISTD_H 1
| #define L_ENDIAN 1
| #define HAVE_SYS_SELECT_H 1
| #define HAVE_LOCALE_H 1
| #define HAVE_LANGINFO_H 1
| #define HAVE_SYSEXITS_H 1
| #define ssldir "/usr"
| #define HAVE_XRANDR 1
| #define EGD_SOCKET "/var/run/egd-pool"
| /* end confdefs.h.  */
| #include <dmedia/audio.h>
configure:5743: result: no
configure:5743: checking for dmedia/audio.h
configure:5743: result: no
configure:5751: checking sys/audioio.h usability
configure:5751: gcc -c -g -O2 -Wall -I/usr/include   conftest.c >&5
conftest.c:60:10: fatal error: sys/audioio.h: No such file or directory
   60 | #include <sys/audioio.h>
      |          ^~~~~~~~~~~~~~~
compilation terminated.
configure:5751: $? = 1
configure: failed program was:
| /* confdefs.h */
| #define PACKAGE_NAME "rdesktop"
| #define PACKAGE_TARNAME "rdesktop"
| #define PACKAGE_VERSION "1.8.4"
| #define PACKAGE_STRING "rdesktop 1.8.4"
| #define PACKAGE_BUGREPORT ""
| #define PACKAGE_URL ""
| #define STDC_HEADERS 1
| #define HAVE_SYS_TYPES_H 1
| #define HAVE_SYS_STAT_H 1
| #define HAVE_STDLIB_H 1
| #define HAVE_STRING_H 1
| #define HAVE_MEMORY_H 1
| #define HAVE_STRINGS_H 1
| #define HAVE_INTTYPES_H 1
| #define HAVE_STDINT_H 1
| #define HAVE_UNISTD_H 1
| #define L_ENDIAN 1
| #define HAVE_SYS_SELECT_H 1
| #define HAVE_LOCALE_H 1
| #define HAVE_LANGINFO_H 1
| #define HAVE_SYSEXITS_H 1
| #define ssldir "/usr"
| #define HAVE_XRANDR 1
| #define EGD_SOCKET "/var/run/egd-pool"
| /* end confdefs.h.  */
| #include <stdio.h>
| #ifdef HAVE_SYS_TYPES_H
| # include <sys/types.h>
| #endif
| #ifdef HAVE_SYS_STAT_H
| # include <sys/stat.h>
| #endif
| #ifdef STDC_HEADERS
| # include <stdlib.h>
| # include <stddef.h>
| #else
| # ifdef HAVE_STDLIB_H
| #  include <stdlib.h>
| # endif
| #endif
| #ifdef HAVE_STRING_H
| # if !defined STDC_HEADERS && defined HAVE_MEMORY_H
| #  include <memory.h>
| # endif
| # include <string.h>
| #endif
| #ifdef HAVE_STRINGS_H
| # include <strings.h>
| #endif
| #ifdef HAVE_INTTYPES_H
| # include <inttypes.h>
| #endif
| #ifdef HAVE_STDINT_H
| # include <stdint.h>
| #endif
| #ifdef HAVE_UNISTD_H
| # include <unistd.h>
| #endif
| #include <sys/audioio.h>
configure:5751: result: no
configure:5751: checking sys/audioio.h presence
configure:5751: gcc -E  conftest.c
conftest.c:27:10: fatal error: sys/audioio.h: No such file or directory
   27 | #include <sys/audioio.h>
      |          ^~~~~~~~~~~~~~~
compilation terminated.
configure:5751: $? = 1
configure: failed program was:
| /* confdefs.h */
| #define PACKAGE_NAME "rdesktop"
| #define PACKAGE_TARNAME "rdesktop"
| #define PACKAGE_VERSION "1.8.4"
| #define PACKAGE_STRING "rdesktop 1.8.4"
| #define PACKAGE_BUGREPORT ""
| #define PACKAGE_URL ""
| #define STDC_HEADERS 1
| #define HAVE_SYS_TYPES_H 1
| #define HAVE_SYS_STAT_H 1
| #define HAVE_STDLIB_H 1
| #define HAVE_STRING_H 1
| #define HAVE_MEMORY_H 1
| #define HAVE_STRINGS_H 1
| #define HAVE_INTTYPES_H 1
| #define HAVE_STDINT_H 1
| #define HAVE_UNISTD_H 1
| #define L_ENDIAN 1
| #define HAVE_SYS_SELECT_H 1
| #define HAVE_LOCALE_H 1
| #define HAVE_LANGINFO_H 1
| #define HAVE_SYSEXITS_H 1
| #define ssldir "/usr"
| #define HAVE_XRANDR 1
| #define EGD_SOCKET "/var/run/egd-pool"
| /* end confdefs.h.  */
| #include <sys/audioio.h>
configure:5751: result: no
configure:5751: checking for sys/audioio.h
configure:5751: result: no
configure:5771: checking for LIBAO
configure:5778: $PKG_CONFIG --exists --print-errors "ao"
Package ao was not found in the pkg-config search path.
Perhaps you should add the directory containing `ao.pc'
to the PKG_CONFIG_PATH environment variable
No package 'ao' found
configure:5781: $? = 1
configure:5795: $PKG_CONFIG --exists --print-errors "ao"
Package ao was not found in the pkg-config search path.
Perhaps you should add the directory containing `ao.pc'
to the PKG_CONFIG_PATH environment variable
No package 'ao' found
configure:5798: $? = 1
configure:5812: result: no
No package 'ao' found
configure:5842: checking for ALSA
configure:5849: $PKG_CONFIG --exists --print-errors "alsa"
configure:5852: $? = 0
configure:5866: $PKG_CONFIG --exists --print-errors "alsa"
configure:5869: $? = 0
configure:5907: result: yes
configure:5913: checking for LIBSAMPLERATE
configure:5920: $PKG_CONFIG --exists --print-errors "samplerate"
Package samplerate was not found in the pkg-config search path.
Perhaps you should add the directory containing `samplerate.pc'
to the PKG_CONFIG_PATH environment variable
No package 'samplerate' found
configure:5923: $? = 1
configure:5937: $PKG_CONFIG --exists --print-errors "samplerate"
Package samplerate was not found in the pkg-config search path.
Perhaps you should add the directory containing `samplerate.pc'
to the PKG_CONFIG_PATH environment variable
No package 'samplerate' found
configure:5940: $? = 1
configure:5954: result: no
No package 'samplerate' found
configure:6119: checking for dirent.h that defines DIR
configure:6138: gcc -c -g -O2 -Wall -I/usr/include     conftest.c >&5
configure:6138: $? = 0
configure:6146: result: yes
configure:6159: checking for library containing opendir
configure:6190: gcc -o conftest -g -O2 -Wall -I/usr/include      conftest.c -L/usr/lib -L/usr/lib64 -lssl -lcrypto  -lXrandr  -lasound >&5
configure:6190: $? = 0
configure:6207: result: none required
configure:6292: checking for dirfd
configure:6292: gcc -o conftest -g -O2 -Wall -I/usr/include      conftest.c -L/usr/lib -L/usr/lib64 -lssl -lcrypto  -lXrandr  -lasound >&5
configure:6292: $? = 0
configure:6292: result: yes
configure:6301: checking whether dirfd is declared
configure:6301: gcc -c -g -O2 -Wall -I/usr/include     conftest.c >&5
configure:6301: $? = 0
configure:6301: result: yes
configure:6314: checking whether dirfd is a macro
configure:6335: result: no
configure:6425: checking iconv.h usability
configure:6425: gcc -c -g -O2 -Wall -I/usr/include     conftest.c >&5
configure:6425: $? = 0
configure:6425: result: yes
configure:6425: checking iconv.h presence
configure:6425: gcc -E  conftest.c
configure:6425: $? = 0
configure:6425: result: yes
configure:6425: checking for iconv.h
configure:6425: result: yes
configure:6433: checking for iconv
configure:6455: gcc -o conftest -g -O2 -Wall -I/usr/include      conftest.c -L/usr/lib -L/usr/lib64 -lssl -lcrypto  -lXrandr  -lasound >&5
configure:6455: $? = 0
configure:6487: result: yes
configure:6493: checking for iconv declaration
configure:6522: gcc -c -g -O2 -Wall -I/usr/include     conftest.c >&5
configure:6522: $? = 0
configure:6533: result: 
         extern size_t iconv (iconv_t cd, char * *inbuf, size_t *inbytesleft, char * *outbuf, size_t *outbytesleft);
configure:6557: checking for socklen_t
configure:6557: gcc -c -g -O2 -Wall -I/usr/include     conftest.c >&5
configure:6557: $? = 0
configure:6557: gcc -c -g -O2 -Wall -I/usr/include     conftest.c >&5
conftest.c: In function 'main':
conftest.c:42:24: error: expected expression before ')' token
   42 | if (sizeof ((socklen_t)))
      |                        ^
configure:6557: $? = 1
configure: failed program was:
| /* confdefs.h */
| #define PACKAGE_NAME "rdesktop"
| #define PACKAGE_TARNAME "rdesktop"
| #define PACKAGE_VERSION "1.8.4"
| #define PACKAGE_STRING "rdesktop 1.8.4"
| #define PACKAGE_BUGREPORT ""
| #define PACKAGE_URL ""
| #define STDC_HEADERS 1
| #define HAVE_SYS_TYPES_H 1
| #define HAVE_SYS_STAT_H 1
| #define HAVE_STDLIB_H 1
| #define HAVE_STRING_H 1
| #define HAVE_MEMORY_H 1
| #define HAVE_STRINGS_H 1
| #define HAVE_INTTYPES_H 1
| #define HAVE_STDINT_H 1
| #define HAVE_UNISTD_H 1
| #define L_ENDIAN 1
| #define HAVE_SYS_SELECT_H 1
| #define HAVE_LOCALE_H 1
| #define HAVE_LANGINFO_H 1
| #define HAVE_SYSEXITS_H 1
| #define ssldir "/usr"
| #define HAVE_XRANDR 1
| #define EGD_SOCKET "/var/run/egd-pool"
| #define WITH_RDPSND 1
| #define RDPSND_OSS 1
| #define RDPSND_ALSA 1
| #define HAVE_DIRENT_H 1
| #define HAVE_DIRFD 1
| #define HAVE_DECL_DIRFD 1
| #define HAVE_ICONV_H 1
| #define HAVE_ICONV 1
| #define ICONV_CONST 
| /* end confdefs.h.  */
| #include <sys/types.h>
| #include <sys/socket.h>
| 
| int
| main ()
| {
| if (sizeof ((socklen_t)))
| 	    return 0;
|   ;
|   return 0;
| }
configure:6557: result: yes
configure:6626: checking sys/vfs.h usability
configure:6626: gcc -c -g -O2 -Wall -I/usr/include     conftest.c >&5
configure:6626: $? = 0
configure:6626: result: yes
configure:6626: checking sys/vfs.h presence
configure:6626: gcc -E  conftest.c
configure:6626: $? = 0
configure:6626: result: yes
configure:6626: checking for sys/vfs.h
configure:6626: result: yes
configure:6638: checking sys/statvfs.h usability
configure:6638: gcc -c -g -O2 -Wall -I/usr/include     conftest.c >&5
configure:6638: $? = 0
configure:6638: result: yes
configure:6638: checking sys/statvfs.h presence
configure:6638: gcc -E  conftest.c
configure:6638: $? = 0
configure:6638: result: yes
configure:6638: checking for sys/statvfs.h
configure:6638: result: yes
configure:6650: checking sys/statfs.h usability
configure:6650: gcc -c -g -O2 -Wall -I/usr/include     conftest.c >&5
configure:6650: $? = 0
configure:6650: result: yes
configure:6650: checking sys/statfs.h presence
configure:6650: gcc -E  conftest.c
configure:6650: $? = 0
configure:6650: result: yes
configure:6650: checking for sys/statfs.h
configure:6650: result: yes
configure:6662: checking sys/param.h usability
configure:6662: gcc -c -g -O2 -Wall -I/usr/include     conftest.c >&5
configure:6662: $? = 0
configure:6662: result: yes
configure:6662: checking sys/param.h presence
configure:6662: gcc -E  conftest.c
configure:6662: $? = 0
configure:6662: result: yes
configure:6662: checking for sys/param.h
configure:6662: result: yes
configure:6682: checking for sys/mount.h
configure:6682: gcc -c -g -O2 -Wall -I/usr/include     conftest.c >&5
configure:6682: $? = 0
configure:6682: result: yes
configure:6696: checking how to get filesystem space usage...
configure:6703: checking statvfs64 function (SVR4)
configure:6725: gcc -o conftest -g -O2 -Wall -I/usr/include      conftest.c -L/usr/lib -L/usr/lib64 -lssl -lcrypto  -lXrandr  -lasound  >&5
conftest.c:47:3: warning: return type defaults to 'int' [-Wimplicit-int]
   47 |   main ()
      |   ^~~~
conftest.c: In function 'main':
conftest.c:49:22: error: storage size of 'fsd' isn't known
   49 |     struct statvfs64 fsd;
      |                      ^~~
conftest.c:50:5: warning: implicit declaration of function 'exit' [-Wimplicit-function-declaration]
   50 |     exit (statvfs64 (".", &fsd));
      |     ^~~~
conftest.c:50:5: warning: incompatible implicit declaration of built-in function 'exit'
conftest.c:47:1: note: include '<stdlib.h>' or provide a declaration of 'exit'
   46 | #include <sys/statvfs.h>
  +++ |+#include <stdlib.h>
   47 |   main ()
conftest.c:50:11: warning: implicit declaration of function 'statvfs64'; did you mean 'statvfs'? [-Wimplicit-function-declaration]
   50 |     exit (statvfs64 (".", &fsd));
      |           ^~~~~~~~~
      |           statvfs
conftest.c:49:22: warning: unused variable 'fsd' [-Wunused-variable]
   49 |     struct statvfs64 fsd;
      |                      ^~~
configure:6725: $? = 1
configure: program exited with status 1
configure: failed program was:
| /* confdefs.h */
| #define PACKAGE_NAME "rdesktop"
| #define PACKAGE_TARNAME "rdesktop"
| #define PACKAGE_VERSION "1.8.4"
| #define PACKAGE_STRING "rdesktop 1.8.4"
| #define PACKAGE_BUGREPORT ""
| #define PACKAGE_URL ""
| #define STDC_HEADERS 1
| #define HAVE_SYS_TYPES_H 1
| #define HAVE_SYS_STAT_H 1
| #define HAVE_STDLIB_H 1
| #define HAVE_STRING_H 1
| #define HAVE_MEMORY_H 1
| #define HAVE_STRINGS_H 1
| #define HAVE_INTTYPES_H 1
| #define HAVE_STDINT_H 1
| #define HAVE_UNISTD_H 1
| #define L_ENDIAN 1
| #define HAVE_SYS_SELECT_H 1
| #define HAVE_LOCALE_H 1
| #define HAVE_LANGINFO_H 1
| #define HAVE_SYSEXITS_H 1
| #define ssldir "/usr"
| #define HAVE_XRANDR 1
| #define EGD_SOCKET "/var/run/egd-pool"
| #define WITH_RDPSND 1
| #define RDPSND_OSS 1
| #define RDPSND_ALSA 1
| #define HAVE_DIRENT_H 1
| #define HAVE_DIRFD 1
| #define HAVE_DECL_DIRFD 1
| #define HAVE_ICONV_H 1
| #define HAVE_ICONV 1
| #define ICONV_CONST 
| #define HAVE_SYS_VFS_H 1
| #define HAVE_SYS_STATVFS_H 1
| #define HAVE_SYS_STATFS_H 1
| #define HAVE_SYS_PARAM_H 1
| #define HAVE_SYS_MOUNT_H 1
| /* end confdefs.h.  */
| 
| #if defined(HAVE_UNISTD_H)
| #include <unistd.h>
| #endif
| #include <sys/types.h>
| #include <sys/statvfs.h>
|   main ()
|   {
|     struct statvfs64 fsd;
|     exit (statvfs64 (".", &fsd));
|   }
configure:6735: result: no
configure:6753: checking statvfs function (SVR4)
configure:6770: gcc -o conftest -g -O2 -Wall -I/usr/include      conftest.c -L/usr/lib -L/usr/lib64 -lssl -lcrypto  -lXrandr  -lasound  >&5
conftest.c: In function 'main':
conftest.c:46:21: warning: null argument where non-null required (argument 1) [-Wnonnull]
   46 | struct statvfs fsd; statvfs (0, &fsd);
      |                     ^~~~~~~
configure:6770: $? = 0
configure:6778: result: yes
configure:7044: checking for struct statfs.f_namemax
configure:7044: gcc -c -g -O2 -Wall -I/usr/include     conftest.c >&5
conftest.c: In function 'main':
conftest.c:99:13: error: 'struct statfs' has no member named 'f_namemax'; did you mean 'f_namelen'?
   99 | if (ac_aggr.f_namemax)
      |             ^~~~~~~~~
      |             f_namelen
conftest.c:98:22: warning: variable 'ac_aggr' set but not used [-Wunused-but-set-variable]
   98 | static struct statfs ac_aggr;
      |                      ^~~~~~~
configure:7044: $? = 1
configure: failed program was:
| /* confdefs.h */
| #define PACKAGE_NAME "rdesktop"
| #define PACKAGE_TARNAME "rdesktop"
| #define PACKAGE_VERSION "1.8.4"
| #define PACKAGE_STRING "rdesktop 1.8.4"
| #define PACKAGE_BUGREPORT ""
| #define PACKAGE_URL ""
| #define STDC_HEADERS 1
| #define HAVE_SYS_TYPES_H 1
| #define HAVE_SYS_STAT_H 1
| #define HAVE_STDLIB_H 1
| #define HAVE_STRING_H 1
| #define HAVE_MEMORY_H 1
| #define HAVE_STRINGS_H 1
| #define HAVE_INTTYPES_H 1
| #define HAVE_STDINT_H 1
| #define HAVE_UNISTD_H 1
| #define L_ENDIAN 1
| #define HAVE_SYS_SELECT_H 1
| #define HAVE_LOCALE_H 1
| #define HAVE_LANGINFO_H 1
| #define HAVE_SYSEXITS_H 1
| #define ssldir "/usr"
| #define HAVE_XRANDR 1
| #define EGD_SOCKET "/var/run/egd-pool"
| #define WITH_RDPSND 1
| #define RDPSND_OSS 1
| #define RDPSND_ALSA 1
| #define HAVE_DIRENT_H 1
| #define HAVE_DIRFD 1
| #define HAVE_DECL_DIRFD 1
| #define HAVE_ICONV_H 1
| #define HAVE_ICONV 1
| #define ICONV_CONST 
| #define HAVE_SYS_VFS_H 1
| #define HAVE_SYS_STATVFS_H 1
| #define HAVE_SYS_STATFS_H 1
| #define HAVE_SYS_PARAM_H 1
| #define HAVE_SYS_MOUNT_H 1
| #define STAT_STATVFS 1
| /* end confdefs.h.  */
| #include <stdio.h>
| #ifdef HAVE_SYS_TYPES_H
| # include <sys/types.h>
| #endif
| #ifdef HAVE_SYS_STAT_H
| # include <sys/stat.h>
| #endif
| #ifdef STDC_HEADERS
| # include <stdlib.h>
| # include <stddef.h>
| #else
| # ifdef HAVE_STDLIB_H
| #  include <stdlib.h>
| # endif
| #endif
| #ifdef HAVE_STRING_H
| # if !defined STDC_HEADERS && defined HAVE_MEMORY_H
| #  include <memory.h>
| # endif
| # include <string.h>
| #endif
| #ifdef HAVE_STRINGS_H
| # include <strings.h>
| #endif
| #ifdef HAVE_INTTYPES_H
| # include <inttypes.h>
| #endif
| #ifdef HAVE_STDINT_H
| # include <stdint.h>
| #endif
| #ifdef HAVE_UNISTD_H
| # include <unistd.h>
| #endif
| #if HAVE_SYS_STATVFS_H
| # include <sys/statvfs.h>
| #endif
| #if HAVE_SYS_VFS_H
| # include <sys/vfs.h>
| #endif
| #if !HAVE_SYS_STATVFS_H && !HAVE_SYS_VFS_H
| # if HAVE_SYS_MOUNT_H && HAVE_SYS_PARAM_H
| /* NetBSD 1.5.2 needs these, for the declaration of struct statfs. */
| #  include <sys/param.h>
| #  include <sys/mount.h>
| # elif HAVE_NETINET_IN_H && HAVE_NFS_NFS_CLNT_H && HAVE_NFS_VFS_H
| /* Ultrix 4.4 needs these for the declaration of struct statfs.  */
| #  include <netinet/in.h>
| #  include <nfs/nfs_clnt.h>
| #  include <nfs/vfs.h>
| # endif
| #endif
| 
| 
| int
| main ()
| {
| static struct statfs ac_aggr;
| if (ac_aggr.f_namemax)
| return 0;
|   ;
|   return 0;
| }
configure:7044: gcc -c -g -O2 -Wall -I/usr/include     conftest.c >&5
conftest.c: In function 'main':
conftest.c:99:20: error: 'struct statfs' has no member named 'f_namemax'; did you mean 'f_namelen'?
   99 | if (sizeof ac_aggr.f_namemax)
      |                    ^~~~~~~~~
      |                    f_namelen
conftest.c:98:22: warning: variable 'ac_aggr' set but not used [-Wunused-but-set-variable]
   98 | static struct statfs ac_aggr;
      |                      ^~~~~~~
configure:7044: $? = 1
configure: failed program was:
| /* confdefs.h */
| #define PACKAGE_NAME "rdesktop"
| #define PACKAGE_TARNAME "rdesktop"
| #define PACKAGE_VERSION "1.8.4"
| #define PACKAGE_STRING "rdesktop 1.8.4"
| #define PACKAGE_BUGREPORT ""
| #define PACKAGE_URL ""
| #define STDC_HEADERS 1
| #define HAVE_SYS_TYPES_H 1
| #define HAVE_SYS_STAT_H 1
| #define HAVE_STDLIB_H 1
| #define HAVE_STRING_H 1
| #define HAVE_MEMORY_H 1
| #define HAVE_STRINGS_H 1
| #define HAVE_INTTYPES_H 1
| #define HAVE_STDINT_H 1
| #define HAVE_UNISTD_H 1
| #define L_ENDIAN 1
| #define HAVE_SYS_SELECT_H 1
| #define HAVE_LOCALE_H 1
| #define HAVE_LANGINFO_H 1
| #define HAVE_SYSEXITS_H 1
| #define ssldir "/usr"
| #define HAVE_XRANDR 1
| #define EGD_SOCKET "/var/run/egd-pool"
| #define WITH_RDPSND 1
| #define RDPSND_OSS 1
| #define RDPSND_ALSA 1
| #define HAVE_DIRENT_H 1
| #define HAVE_DIRFD 1
| #define HAVE_DECL_DIRFD 1
| #define HAVE_ICONV_H 1
| #define HAVE_ICONV 1
| #define ICONV_CONST 
| #define HAVE_SYS_VFS_H 1
| #define HAVE_SYS_STATVFS_H 1
| #define HAVE_SYS_STATFS_H 1
| #define HAVE_SYS_PARAM_H 1
| #define HAVE_SYS_MOUNT_H 1
| #define STAT_STATVFS 1
| /* end confdefs.h.  */
| #include <stdio.h>
| #ifdef HAVE_SYS_TYPES_H
| # include <sys/types.h>
| #endif
| #ifdef HAVE_SYS_STAT_H
| # include <sys/stat.h>
| #endif
| #ifdef STDC_HEADERS
| # include <stdlib.h>
| # include <stddef.h>
| #else
| # ifdef HAVE_STDLIB_H
| #  include <stdlib.h>
| # endif
| #endif
| #ifdef HAVE_STRING_H
| # if !defined STDC_HEADERS && defined HAVE_MEMORY_H
| #  include <memory.h>
| # endif
| # include <string.h>
| #endif
| #ifdef HAVE_STRINGS_H
| # include <strings.h>
| #endif
| #ifdef HAVE_INTTYPES_H
| # include <inttypes.h>
| #endif
| #ifdef HAVE_STDINT_H
| # include <stdint.h>
| #endif
| #ifdef HAVE_UNISTD_H
| # include <unistd.h>
| #endif
| #if HAVE_SYS_STATVFS_H
| # include <sys/statvfs.h>
| #endif
| #if HAVE_SYS_VFS_H
| # include <sys/vfs.h>
| #endif
| #if !HAVE_SYS_STATVFS_H && !HAVE_SYS_VFS_H
| # if HAVE_SYS_MOUNT_H && HAVE_SYS_PARAM_H
| /* NetBSD 1.5.2 needs these, for the declaration of struct statfs. */
| #  include <sys/param.h>
| #  include <sys/mount.h>
| # elif HAVE_NETINET_IN_H && HAVE_NFS_NFS_CLNT_H && HAVE_NFS_VFS_H
| /* Ultrix 4.4 needs these for the declaration of struct statfs.  */
| #  include <netinet/in.h>
| #  include <nfs/nfs_clnt.h>
| #  include <nfs/vfs.h>
| # endif
| #endif
| 
| 
| int
| main ()
| {
| static struct statfs ac_aggr;
| if (sizeof ac_aggr.f_namemax)
| return 0;
|   ;
|   return 0;
| }
configure:7044: result: no
configure:7055: checking for struct statvfs.f_namemax
configure:7055: gcc -c -g -O2 -Wall -I/usr/include     conftest.c >&5
configure:7055: $? = 0
configure:7055: result: yes
configure:7066: checking for struct statfs.f_namelen
configure:7066: gcc -c -g -O2 -Wall -I/usr/include     conftest.c >&5
configure:7066: $? = 0
configure:7066: result: yes
configure:7077: checking for struct statvfs.f_namelen
configure:7077: gcc -c -g -O2 -Wall -I/usr/include     conftest.c >&5
conftest.c: In function 'main':
conftest.c:101:13: error: 'struct statvfs' has no member named 'f_namelen'; did you mean 'f_namemax'?
  101 | if (ac_aggr.f_namelen)
      |             ^~~~~~~~~
      |             f_namemax
conftest.c:100:23: warning: variable 'ac_aggr' set but not used [-Wunused-but-set-variable]
  100 | static struct statvfs ac_aggr;
      |                       ^~~~~~~
configure:7077: $? = 1
configure: failed program was:
| /* confdefs.h */
| #define PACKAGE_NAME "rdesktop"
| #define PACKAGE_TARNAME "rdesktop"
| #define PACKAGE_VERSION "1.8.4"
| #define PACKAGE_STRING "rdesktop 1.8.4"
| #define PACKAGE_BUGREPORT ""
| #define PACKAGE_URL ""
| #define STDC_HEADERS 1
| #define HAVE_SYS_TYPES_H 1
| #define HAVE_SYS_STAT_H 1
| #define HAVE_STDLIB_H 1
| #define HAVE_STRING_H 1
| #define HAVE_MEMORY_H 1
| #define HAVE_STRINGS_H 1
| #define HAVE_INTTYPES_H 1
| #define HAVE_STDINT_H 1
| #define HAVE_UNISTD_H 1
| #define L_ENDIAN 1
| #define HAVE_SYS_SELECT_H 1
| #define HAVE_LOCALE_H 1
| #define HAVE_LANGINFO_H 1
| #define HAVE_SYSEXITS_H 1
| #define ssldir "/usr"
| #define HAVE_XRANDR 1
| #define EGD_SOCKET "/var/run/egd-pool"
| #define WITH_RDPSND 1
| #define RDPSND_OSS 1
| #define RDPSND_ALSA 1
| #define HAVE_DIRENT_H 1
| #define HAVE_DIRFD 1
| #define HAVE_DECL_DIRFD 1
| #define HAVE_ICONV_H 1
| #define HAVE_ICONV 1
| #define ICONV_CONST 
| #define HAVE_SYS_VFS_H 1
| #define HAVE_SYS_STATVFS_H 1
| #define HAVE_SYS_STATFS_H 1
| #define HAVE_SYS_PARAM_H 1
| #define HAVE_SYS_MOUNT_H 1
| #define STAT_STATVFS 1
| #define HAVE_STRUCT_STATVFS_F_NAMEMAX 1
| #define HAVE_STRUCT_STATFS_F_NAMELEN 1
| /* end confdefs.h.  */
| #include <stdio.h>
| #ifdef HAVE_SYS_TYPES_H
| # include <sys/types.h>
| #endif
| #ifdef HAVE_SYS_STAT_H
| # include <sys/stat.h>
| #endif
| #ifdef STDC_HEADERS
| # include <stdlib.h>
| # include <stddef.h>
| #else
| # ifdef HAVE_STDLIB_H
| #  include <stdlib.h>
| # endif
| #endif
| #ifdef HAVE_STRING_H
| # if !defined STDC_HEADERS && defined HAVE_MEMORY_H
| #  include <memory.h>
| # endif
| # include <string.h>
| #endif
| #ifdef HAVE_STRINGS_H
| # include <strings.h>
| #endif
| #ifdef HAVE_INTTYPES_H
| # include <inttypes.h>
| #endif
| #ifdef HAVE_STDINT_H
| # include <stdint.h>
| #endif
| #ifdef HAVE_UNISTD_H
| # include <unistd.h>
| #endif
| #if HAVE_SYS_STATVFS_H
| # include <sys/statvfs.h>
| #endif
| #if HAVE_SYS_VFS_H
| # include <sys/vfs.h>
| #endif
| #if !HAVE_SYS_STATVFS_H && !HAVE_SYS_VFS_H
| # if HAVE_SYS_MOUNT_H && HAVE_SYS_PARAM_H
| /* NetBSD 1.5.2 needs these, for the declaration of struct statfs. */
| #  include <sys/param.h>
| #  include <sys/mount.h>
| # elif HAVE_NETINET_IN_H && HAVE_NFS_NFS_CLNT_H && HAVE_NFS_VFS_H
| /* Ultrix 4.4 needs these for the declaration of struct statfs.  */
| #  include <netinet/in.h>
| #  include <nfs/nfs_clnt.h>
| #  include <nfs/vfs.h>
| # endif
| #endif
| 
| 
| int
| main ()
| {
| static struct statvfs ac_aggr;
| if (ac_aggr.f_namelen)
| return 0;
|   ;
|   return 0;
| }
configure:7077: gcc -c -g -O2 -Wall -I/usr/include     conftest.c >&5
conftest.c: In function 'main':
conftest.c:101:20: error: 'struct statvfs' has no member named 'f_namelen'; did you mean 'f_namemax'?
  101 | if (sizeof ac_aggr.f_namelen)
      |                    ^~~~~~~~~
      |                    f_namemax
conftest.c:100:23: warning: variable 'ac_aggr' set but not used [-Wunused-but-set-variable]
  100 | static struct statvfs ac_aggr;
      |                       ^~~~~~~
configure:7077: $? = 1
configure: failed program was:
| /* confdefs.h */
| #define PACKAGE_NAME "rdesktop"
| #define PACKAGE_TARNAME "rdesktop"
| #define PACKAGE_VERSION "1.8.4"
| #define PACKAGE_STRING "rdesktop 1.8.4"
| #define PACKAGE_BUGREPORT ""
| #define PACKAGE_URL ""
| #define STDC_HEADERS 1
| #define HAVE_SYS_TYPES_H 1
| #define HAVE_SYS_STAT_H 1
| #define HAVE_STDLIB_H 1
| #define HAVE_STRING_H 1
| #define HAVE_MEMORY_H 1
| #define HAVE_STRINGS_H 1
| #define HAVE_INTTYPES_H 1
| #define HAVE_STDINT_H 1
| #define HAVE_UNISTD_H 1
| #define L_ENDIAN 1
| #define HAVE_SYS_SELECT_H 1
| #define HAVE_LOCALE_H 1
| #define HAVE_LANGINFO_H 1
| #define HAVE_SYSEXITS_H 1
| #define ssldir "/usr"
| #define HAVE_XRANDR 1
| #define EGD_SOCKET "/var/run/egd-pool"
| #define WITH_RDPSND 1
| #define RDPSND_OSS 1
| #define RDPSND_ALSA 1
| #define HAVE_DIRENT_H 1
| #define HAVE_DIRFD 1
| #define HAVE_DECL_DIRFD 1
| #define HAVE_ICONV_H 1
| #define HAVE_ICONV 1
| #define ICONV_CONST 
| #define HAVE_SYS_VFS_H 1
| #define HAVE_SYS_STATVFS_H 1
| #define HAVE_SYS_STATFS_H 1
| #define HAVE_SYS_PARAM_H 1
| #define HAVE_SYS_MOUNT_H 1
| #define STAT_STATVFS 1
| #define HAVE_STRUCT_STATVFS_F_NAMEMAX 1
| #define HAVE_STRUCT_STATFS_F_NAMELEN 1
| /* end confdefs.h.  */
| #include <stdio.h>
| #ifdef HAVE_SYS_TYPES_H
| # include <sys/types.h>
| #endif
| #ifdef HAVE_SYS_STAT_H
| # include <sys/stat.h>
| #endif
| #ifdef STDC_HEADERS
| # include <stdlib.h>
| # include <stddef.h>
| #else
| # ifdef HAVE_STDLIB_H
| #  include <stdlib.h>
| # endif
| #endif
| #ifdef HAVE_STRING_H
| # if !defined STDC_HEADERS && defined HAVE_MEMORY_H
| #  include <memory.h>
| # endif
| # include <string.h>
| #endif
| #ifdef HAVE_STRINGS_H
| # include <strings.h>
| #endif
| #ifdef HAVE_INTTYPES_H
| # include <inttypes.h>
| #endif
| #ifdef HAVE_STDINT_H
| # include <stdint.h>
| #endif
| #ifdef HAVE_UNISTD_H
| # include <unistd.h>
| #endif
| #if HAVE_SYS_STATVFS_H
| # include <sys/statvfs.h>
| #endif
| #if HAVE_SYS_VFS_H
| # include <sys/vfs.h>
| #endif
| #if !HAVE_SYS_STATVFS_H && !HAVE_SYS_VFS_H
| # if HAVE_SYS_MOUNT_H && HAVE_SYS_PARAM_H
| /* NetBSD 1.5.2 needs these, for the declaration of struct statfs. */
| #  include <sys/param.h>
| #  include <sys/mount.h>
| # elif HAVE_NETINET_IN_H && HAVE_NFS_NFS_CLNT_H && HAVE_NFS_VFS_H
| /* Ultrix 4.4 needs these for the declaration of struct statfs.  */
| #  include <netinet/in.h>
| #  include <nfs/nfs_clnt.h>
| #  include <nfs/vfs.h>
| # endif
| #endif
| 
| 
| int
| main ()
| {
| static struct statvfs ac_aggr;
| if (sizeof ac_aggr.f_namelen)
| return 0;
|   ;
|   return 0;
| }
configure:7077: result: no
configure:7099: checking for special C compiler options needed for large files
configure:7144: result: no
configure:7150: checking for _FILE_OFFSET_BITS value needed for large files
configure:7175: gcc -c -g -O2 -Wall -I/usr/include     conftest.c >&5
configure:7175: $? = 0
configure:7207: result: no
configure:7296: checking mntent.h usability
configure:7296: gcc -c -g -O2 -Wall -I/usr/include     conftest.c >&5
configure:7296: $? = 0
configure:7296: result: yes
configure:7296: checking mntent.h presence
configure:7296: gcc -E  conftest.c
configure:7296: $? = 0
configure:7296: result: yes
configure:7296: checking for mntent.h
configure:7296: result: yes
configure:7305: checking for setmntent
configure:7305: gcc -o conftest -g -O2 -Wall -I/usr/include      conftest.c -L/usr/lib -L/usr/lib64 -lssl -lcrypto  -lXrandr  -lasound  >&5
configure:7305: $? = 0
configure:7305: result: yes
configure:7614: creating ./config.status

## ---------------------- ##
## Running config.status. ##
## ---------------------- ##

This file was extended by rdesktop config.status 1.8.4, which was
generated by GNU Autoconf 2.69.  Invocation command line was

  CONFIG_FILES    = 
  CONFIG_HEADERS  = 
  CONFIG_LINKS    = 
  CONFIG_COMMANDS = 
  $ ./config.status 

on son

config.status:766: creating Makefile

## ---------------- ##
## Cache variables. ##
## ---------------- ##

ac_cv_build=x86_64-unknown-linux-gnu
ac_cv_c_bigendian=no
ac_cv_c_compiler_gnu=yes
ac_cv_env_ALSA_CFLAGS_set=
ac_cv_env_ALSA_CFLAGS_value=
ac_cv_env_ALSA_LIBS_set=
ac_cv_env_ALSA_LIBS_value=
ac_cv_env_CC_set=
ac_cv_env_CC_value=
ac_cv_env_CFLAGS_set=
ac_cv_env_CFLAGS_value=
ac_cv_env_CPPFLAGS_set=
ac_cv_env_CPPFLAGS_value=
ac_cv_env_CPP_set=
ac_cv_env_CPP_value=
ac_cv_env_GSSGLUE_CFLAGS_set=
ac_cv_env_GSSGLUE_CFLAGS_value=
ac_cv_env_GSSGLUE_LIBS_set=
ac_cv_env_GSSGLUE_LIBS_value=
ac_cv_env_LDFLAGS_set=
ac_cv_env_LDFLAGS_value=
ac_cv_env_LIBAO_CFLAGS_set=
ac_cv_env_LIBAO_CFLAGS_value=
ac_cv_env_LIBAO_LIBS_set=
ac_cv_env_LIBAO_LIBS_value=
ac_cv_env_LIBSAMPLERATE_CFLAGS_set=
ac_cv_env_LIBSAMPLERATE_CFLAGS_value=
ac_cv_env_LIBSAMPLERATE_LIBS_set=
ac_cv_env_LIBSAMPLERATE_LIBS_value=
ac_cv_env_LIBS_set=
ac_cv_env_LIBS_value=
ac_cv_env_PCSCLITE_CFLAGS_set=
ac_cv_env_PCSCLITE_CFLAGS_value=
ac_cv_env_PCSCLITE_LIBS_set=
ac_cv_env_PCSCLITE_LIBS_value=
ac_cv_env_PKG_CONFIG_LIBDIR_set=
ac_cv_env_PKG_CONFIG_LIBDIR_value=
ac_cv_env_PKG_CONFIG_PATH_set=
ac_cv_env_PKG_CONFIG_PATH_value=
ac_cv_env_PKG_CONFIG_set=
ac_cv_env_PKG_CONFIG_value=
ac_cv_env_XMKMF_set=
ac_cv_env_XMKMF_value=
ac_cv_env_XRANDR_CFLAGS_set=
ac_cv_env_XRANDR_CFLAGS_value=
ac_cv_env_XRANDR_LIBS_set=
ac_cv_env_XRANDR_LIBS_value=
ac_cv_env_build_alias_set=
ac_cv_env_build_alias_value=
ac_cv_env_host_alias_set=
ac_cv_env_host_alias_value=
ac_cv_env_target_alias_set=
ac_cv_env_target_alias_value=
ac_cv_func_connect=yes
ac_cv_func_dirfd=yes
ac_cv_func_gethostbyname=yes
ac_cv_func_remove=yes
ac_cv_func_setmntent=yes
ac_cv_func_shmat=yes
ac_cv_have_decl_dirfd=yes
ac_cv_have_x='have_x=yes	ac_x_includes='\'''\''	ac_x_libraries='\'''\'''
ac_cv_header_dirent_dirent_h=yes
ac_cv_header_dmedia_audio_h=no
ac_cv_header_iconv_h=yes
ac_cv_header_inttypes_h=yes
ac_cv_header_langinfo_h=yes
ac_cv_header_locale_h=yes
ac_cv_header_memory_h=yes
ac_cv_header_mntent_h=yes
ac_cv_header_stdc=yes
ac_cv_header_stdint_h=yes
ac_cv_header_stdlib_h=yes
ac_cv_header_string_h=yes
ac_cv_header_strings_h=yes
ac_cv_header_sys_audioio_h=no
ac_cv_header_sys_filio_h=no
ac_cv_header_sys_modem_h=no
ac_cv_header_sys_mount_h=yes
ac_cv_header_sys_param_h=yes
ac_cv_header_sys_select_h=yes
ac_cv_header_sys_soundcard_h=yes
ac_cv_header_sys_stat_h=yes
ac_cv_header_sys_statfs_h=yes
ac_cv_header_sys_statvfs_h=yes
ac_cv_header_sys_strtio_h=no
ac_cv_header_sys_types_h=yes
ac_cv_header_sys_vfs_h=yes
ac_cv_header_sysexits_h=yes
ac_cv_header_unistd_h=yes
ac_cv_host=x86_64-unknown-linux-gnu
ac_cv_lib_ICE_IceConnectionNumber=yes
ac_cv_member_struct_statfs_f_namelen=yes
ac_cv_member_struct_statfs_f_namemax=no
ac_cv_member_struct_statvfs_f_namelen=no
ac_cv_member_struct_statvfs_f_namemax=yes
ac_cv_objext=o
ac_cv_path_EGREP='/usr/bin/grep -E'
ac_cv_path_GREP=/usr/bin/grep
ac_cv_path_ac_pt_PKG_CONFIG=/usr/bin/pkg-config
ac_cv_path_install='/usr/bin/install -c'
ac_cv_prog_CPP='gcc -E'
ac_cv_prog_ac_ct_CC=gcc
ac_cv_prog_ac_ct_STRIP=strip
ac_cv_prog_cc_c89=
ac_cv_prog_cc_g=yes
ac_cv_search_inet_aton='none required'
ac_cv_search_opendir='none required'
ac_cv_search_socket='none required'
ac_cv_sys_file_offset_bits=no
ac_cv_sys_largefile_CC=no
ac_cv_type_socklen_t=yes
am_cv_func_iconv=yes
am_cv_lib_iconv=no
am_cv_proto_iconv='extern size_t iconv (iconv_t cd, char * *inbuf, size_t *inbytesleft, char * *outbuf, size_t *outbytesleft);'
am_cv_proto_iconv_arg1=
fu_cv_sys_stat_statvfs64=no
fu_cv_sys_stat_statvfs=yes
jm_cv_func_dirfd_macro=no
pkg_cv_ALSA_CFLAGS=
pkg_cv_ALSA_LIBS=-lasound
pkg_cv_XRANDR_CFLAGS=
pkg_cv_XRANDR_LIBS=-lXrandr

## ----------------- ##
## Output variables. ##
## ----------------- ##

ALSA_CFLAGS=''
ALSA_LIBS='-lasound'
CC='gcc'
CFLAGS='-g -O2 -Wall -I/usr/include   '
CPP='gcc -E'
CPPFLAGS=''
CREDSSPOBJ=''
DEFS='-DPACKAGE_NAME=\"rdesktop\" -DPACKAGE_TARNAME=\"rdesktop\" -DPACKAGE_VERSION=\"1.8.4\" -DPACKAGE_STRING=\"rdesktop\ 1.8.4\" -DPACKAGE_BUGREPORT=\"\" -DPACKAGE_URL=\"\" -DSTDC_HEADERS=1 -DHAVE_SYS_TYPES_H=1 -DHAVE_SYS_STAT_H=1 -DHAVE_STDLIB_H=1 -DHAVE_STRING_H=1 -DHAVE_MEMORY_H=1 -DHAVE_STRINGS_H=1 -DHAVE_INTTYPES_H=1 -DHAVE_STDINT_H=1 -DHAVE_UNISTD_H=1 -DL_ENDIAN=1 -DHAVE_SYS_SELECT_H=1 -DHAVE_LOCALE_H=1 -DHAVE_LANGINFO_H=1 -DHAVE_SYSEXITS_H=1 -Dssldir=\"/usr\" -DHAVE_XRANDR=1 -DEGD_SOCKET=\"/var/run/egd-pool\" -DWITH_RDPSND=1 -DRDPSND_OSS=1 -DRDPSND_ALSA=1 -DHAVE_DIRENT_H=1 -DHAVE_DIRFD=1 -DHAVE_DECL_DIRFD=1 -DHAVE_ICONV_H=1 -DHAVE_ICONV=1 -DICONV_CONST= -DHAVE_SYS_VFS_H=1 -DHAVE_SYS_STATVFS_H=1 -DHAVE_SYS_STATFS_H=1 -DHAVE_SYS_PARAM_H=1 -DHAVE_SYS_MOUNT_H=1 -DSTAT_STATVFS=1 -DHAVE_STRUCT_STATVFS_F_NAMEMAX=1 -DHAVE_STRUCT_STATFS_F_NAMELEN=1 -DHAVE_MNTENT_H=1 -DHAVE_SETMNTENT=1'
ECHO_C=''
ECHO_N='-n'
ECHO_T=''
EGREP='/usr/bin/grep -E'
EXEEXT=''
GREP='/usr/bin/grep'
GSSGLUE_CFLAGS=''
GSSGLUE_LIBS=''
INSTALL_DATA='${INSTALL} -m 644'
INSTALL_PROGRAM='${INSTALL}'
INSTALL_SCRIPT='${INSTALL}'
LDFLAGS=''
LDVNC=''
LIBAO_CFLAGS=''
LIBAO_LIBS=''
LIBICONV=''
LIBOBJS=''
LIBS='-L/usr/lib -L/usr/lib64 -lssl -lcrypto  -lXrandr  -lasound '
LIBSAMPLERATE_CFLAGS=''
LIBSAMPLERATE_LIBS=''
LTLIBOBJS=''
OBJEXT='o'
PACKAGE_BUGREPORT=''
PACKAGE_NAME='rdesktop'
PACKAGE_STRING='rdesktop 1.8.4'
PACKAGE_TARNAME='rdesktop'
PACKAGE_URL=''
PACKAGE_VERSION='1.8.4'
PATH_SEPARATOR=':'
PCSCLITE_CFLAGS=''
PCSCLITE_LIBS=''
PKG_CONFIG='/usr/bin/pkg-config'
PKG_CONFIG_LIBDIR=''
PKG_CONFIG_PATH=''
RDP2VNCTARGET=''
SCARDOBJ=''
SHELL='/bin/bash'
SOUNDOBJ=' rdpsnd.o rdpsnd_dsp.o rdpsnd_oss.o rdpsnd_alsa.o'
STRIP='strip'
VNCINC=''
VNCLINK=''
XMKMF=''
XRANDR_CFLAGS=''
XRANDR_LIBS='-lXrandr'
X_CFLAGS=''
X_EXTRA_LIBS=''
X_LIBS=''
X_PRE_LIBS=' -lSM -lICE'
ac_ct_CC='gcc'
bindir='${exec_prefix}/bin'
build='x86_64-unknown-linux-gnu'
build_alias=''
build_cpu='x86_64'
build_os='linux-gnu'
build_vendor='unknown'
datadir='${datarootdir}'
datarootdir='${prefix}/share'
docdir='${datarootdir}/doc/${PACKAGE_TARNAME}'
dvidir='${docdir}'
exec_prefix='${prefix}'
host='x86_64-unknown-linux-gnu'
host_alias=''
host_cpu='x86_64'
host_os='linux-gnu'
host_vendor='unknown'
htmldir='${docdir}'
includedir='${prefix}/include'
infodir='${datarootdir}/info'
libdir='${exec_prefix}/lib'
libexecdir='${exec_prefix}/libexec'
localedir='${datarootdir}/locale'
localstatedir='${prefix}/var'
mandir='${datarootdir}/man'
oldincludedir='/usr/include'
pdfdir='${docdir}'
prefix='/usr/local'
program_transform_name='s,x,x,'
psdir='${docdir}'
runstatedir='${localstatedir}/run'
sbindir='${exec_prefix}/sbin'
sharedstatedir='${prefix}/com'
ssldir='/usr'
sysconfdir='${prefix}/etc'
target_alias=''

## ----------- ##
## confdefs.h. ##
## ----------- ##

/* confdefs.h */
#define PACKAGE_NAME "rdesktop"
#define PACKAGE_TARNAME "rdesktop"
#define PACKAGE_VERSION "1.8.4"
#define PACKAGE_STRING "rdesktop 1.8.4"
#define PACKAGE_BUGREPORT ""
#define PACKAGE_URL ""
#define STDC_HEADERS 1
#define HAVE_SYS_TYPES_H 1
#define HAVE_SYS_STAT_H 1
#define HAVE_STDLIB_H 1
#define HAVE_STRING_H 1
#define HAVE_MEMORY_H 1
#define HAVE_STRINGS_H 1
#define HAVE_INTTYPES_H 1
#define HAVE_STDINT_H 1
#define HAVE_UNISTD_H 1
#define L_ENDIAN 1
#define HAVE_SYS_SELECT_H 1
#define HAVE_LOCALE_H 1
#define HAVE_LANGINFO_H 1
#define HAVE_SYSEXITS_H 1
#define ssldir "/usr"
#define HAVE_XRANDR 1
#define EGD_SOCKET "/var/run/egd-pool"
#define WITH_RDPSND 1
#define RDPSND_OSS 1
#define RDPSND_ALSA 1
#define HAVE_DIRENT_H 1
#define HAVE_DIRFD 1
#define HAVE_DECL_DIRFD 1
#define HAVE_ICONV_H 1
#define HAVE_ICONV 1
#define ICONV_CONST 
#define HAVE_SYS_VFS_H 1
#define HAVE_SYS_STATVFS_H 1
#define HAVE_SYS_STATFS_H 1
#define HAVE_SYS_PARAM_H 1
#define HAVE_SYS_MOUNT_H 1
#define STAT_STATVFS 1
#define HAVE_STRUCT_STATVFS_F_NAMEMAX 1
#define HAVE_STRUCT_STATFS_F_NAMELEN 1
#define HAVE_MNTENT_H 1
#define HAVE_SETMNTENT 1

configure: exit 0
